Success (1):
content 19673 _a-0000dddc-b5ca-8000-9ba2-011c48011c48_20385 "POC_Expression_Rule"

Referenced precedents that were not exported (1):
content 18958 _a-0000dddc-b5ca-8000-9ba2-011c48011c48_19300

Trace:
2017-01-04 15:59:14.009 DEBUG content 19673 _a-0000dddc-b5ca-8000-9ba2-011c48011c48_20385 Begin transport.
2017-01-04 15:59:14.009 DEBUG content 19673 _a-0000dddc-b5ca-8000-9ba2-011c48011c48_20385 Retrieving object data.
2017-01-04 15:59:14.02 DEBUG content 19673 _a-0000dddc-b5ca-8000-9ba2-011c48011c48_20385 Setting uuids of object references.
2017-01-04 15:59:14.02 DEBUG content 19673 _a-0000dddc-b5ca-8000-9ba2-011c48011c48_20385 Processing reference: [Content:id=19672,versionId=-1,name=POC_Expression_Rule,description=Sample rule to test,type=32,subtype=1,uuid=_a-0000dddc-b5ca-8000-9ba2-011c48011c48_20385,parent=18958,parentName=Automated Deployments,parentType=2,log=19673,logName=POC_Expression_Rule,state=255,visibility=35,security=15,creator=naveen.panchumarthi@wipro.com,createdTimestamp=2017-01-04 15:58:52.0,updatedTimestamp=2017-01-04 15:58:52.0,size=0,lockedBy=ANONYMOUS,changesRequireApproval=false,attributes={dep_rules=[Ljava.lang.Long;@ea81e53, system=0, preferredEditor=legacy, hidden=0, ruletype=1, dep_functions=[Ljava.lang.String;@45abef46, definition=true(), dep_types=[Ljava.lang.String;@dc07683, parameters=[Lcom.appiancorp.suiteapi.process.TypedVariable;@4954b2b0, dep_variables=[[Ljava.lang.String;@740674f},partition=2,partitionName=/usr/local/appian/ae/_admin/accdocs2]
2017-01-04 15:59:14.021 DEBUG content 19673 _a-0000dddc-b5ca-8000-9ba2-011c48011c48_20385 Processing reference: FreeformRule.forum
2017-01-04 15:59:14.021 DEBUG content 19673 _a-0000dddc-b5ca-8000-9ba2-011c48011c48_20385 Processing reference: FreeformRule.parent
2017-01-04 15:59:14.028 DEBUG content 19673 _a-0000dddc-b5ca-8000-9ba2-011c48011c48_20385 Processing reference: com.appiancorp.suiteapi.content.ContentRoleMap@3af03e94[
  ContentRole[name=readers,inherit=true,allowForAll=false]
  ContentRole[name=authors,inherit=true,allowForAll=false]
  ContentRole[name=administrators,inherit=true,allowForAll=false]
  ContentRole[name=denyReaders,inherit=false,allowForAll=false]
  ContentRole[name=denyAuthors,inherit=false,allowForAll=false]
  ContentRole[name=denyAdministrators,inherit=false,allowForAll=false]
  securityVector=15:SEC_PUBLIC=true,SEC_CREATOR_ADMIN=false,SEC_INH_ADMIN=true,SEC_INH_EDITOR=true,SEC_INH_VIEWER=true,SEC_ALL_ADMIN=false,SEC_ALL_EDITOR=false,SEC_ALL_VIEWER=false
]
2017-01-04 15:59:14.028 DEBUG content 19673 _a-0000dddc-b5ca-8000-9ba2-011c48011c48_20385 Processing reference: ContentRole[name=readers,inherit=true,allowForAll=false]
2017-01-04 15:59:14.028 DEBUG content 19673 _a-0000dddc-b5ca-8000-9ba2-011c48011c48_20385 Processing reference: ContentRole[name=authors,inherit=true,allowForAll=false]
2017-01-04 15:59:14.028 DEBUG content 19673 _a-0000dddc-b5ca-8000-9ba2-011c48011c48_20385 Processing reference: ContentRole[name=administrators,inherit=true,allowForAll=false]
2017-01-04 15:59:14.029 DEBUG content 19673 _a-0000dddc-b5ca-8000-9ba2-011c48011c48_20385 Processing reference: ContentRole[name=denyReaders,inherit=false,allowForAll=false]
2017-01-04 15:59:14.029 DEBUG content 19673 _a-0000dddc-b5ca-8000-9ba2-011c48011c48_20385 Processing reference: ContentRole[name=denyAuthors,inherit=false,allowForAll=false]
2017-01-04 15:59:14.029 DEBUG content 19673 _a-0000dddc-b5ca-8000-9ba2-011c48011c48_20385 Processing reference: ContentRole[name=denyAdministrators,inherit=false,allowForAll=false]
2017-01-04 15:59:14.029 DEBUG content 19673 _a-0000dddc-b5ca-8000-9ba2-011c48011c48_20385 Exporting binary resources.
2017-01-04 15:59:14.029 DEBUG content 19673 _a-0000dddc-b5ca-8000-9ba2-011c48011c48_20385 Serializing object to XML.
2017-01-04 15:59:14.053 DEBUG content 19673 _a-0000dddc-b5ca-8000-9ba2-011c48011c48_20385 Object transported.
